<?xml version="1.0" encoding="UTF-8"?>
<coverage generated="1593091286106" clover="3.2.0">
  <project timestamp="1593091286106" name="All files">
    <metrics statements="99" coveredstatements="97" conditionals="32" coveredconditionals="23" methods="16" coveredmethods="16" elements="147" coveredelements="136" complexity="0" loc="99" ncloc="99" packages="1" files="2" classes="2"/>
    <file name="constants.ts" path="/Users/jhardy/projects/mark-compact/src/constants.ts">
      <metrics statements="3" coveredstatements="3" conditionals="0" coveredconditionals="0" methods="0" coveredmethods="0"/>
      <line num="1" count="1" type="stmt"/>
      <line num="2" count="1" type="stmt"/>
      <line num="3" count="1" type="stmt"/>
    </file>
    <file name="gc.ts" path="/Users/jhardy/projects/mark-compact/src/gc.ts">
      <metrics statements="96" coveredstatements="94" conditionals="32" coveredconditionals="23" methods="16" coveredmethods="16"/>
      <line num="10" count="1" type="stmt"/>
      <line num="13" count="1" type="stmt"/>
      <line num="14" count="5" type="stmt"/>
      <line num="23" count="1" type="stmt"/>
      <line num="24" count="5" type="stmt"/>
      <line num="27" count="1" type="stmt"/>
      <line num="28" count="4" type="stmt"/>
      <line num="31" count="1" type="stmt"/>
      <line num="32" count="8044753" type="stmt"/>
      <line num="36" count="1" type="stmt"/>
      <line num="37" count="7855" type="stmt"/>
      <line num="38" count="7855" type="cond" truecount="1" falsecount="1"/>
      <line num="42" count="7855" type="cond" truecount="2" falsecount="0"/>
      <line num="46" count="7853" type="stmt"/>
      <line num="49" count="7853" type="cond" truecount="2" falsecount="0"/>
      <line num="50" count="5" type="stmt"/>
      <line num="51" count="5" type="cond" truecount="1" falsecount="1"/>
      <line num="52" count="5" type="stmt"/>
      <line num="54" count="5" type="cond" truecount="1" falsecount="1"/>
      <line num="55" count="5" type="stmt"/>
      <line num="62" count="1" type="stmt"/>
      <line num="63" count="1964" type="stmt"/>
      <line num="64" count="7845" type="stmt"/>
      <line num="65" count="7845" type="cond" truecount="1" falsecount="1"/>
      <line num="74" count="1" type="stmt"/>
      <line num="76" count="1964" type="stmt"/>
      <line num="77" count="1964" type="stmt"/>
      <line num="78" count="1964" type="stmt"/>
      <line num="79" count="2007057" type="stmt"/>
      <line num="80" count="2007057" type="cond" truecount="2" falsecount="0"/>
      <line num="81" count="7853" type="stmt"/>
      <line num="85" count="7853" type="stmt"/>
      <line num="87" count="2007057" type="stmt"/>
      <line num="89" count="1964" type="stmt"/>
      <line num="101" count="1" type="stmt"/>
      <line num="103" count="1964" type="stmt"/>
      <line num="106" count="7845" type="stmt"/>
      <line num="107" count="7845" type="cond" truecount="1" falsecount="1"/>
      <line num="108" count="7845" type="stmt"/>
      <line num="109" count="7845" type="stmt"/>
      <line num="114" count="1964" type="stmt"/>
      <line num="115" count="1964" type="stmt"/>
      <line num="116" count="2007057" type="stmt"/>
      <line num="117" count="2007057" type="cond" truecount="4" falsecount="0"/>
      <line num="118" count="5" type="cond" truecount="1" falsecount="1"/>
      <line num="119" count="5" type="stmt"/>
      <line num="121" count="5" type="cond" truecount="1" falsecount="1"/>
      <line num="122" count="5" type="stmt"/>
      <line num="125" count="2007057" type="stmt"/>
      <line num="129" count="1" type="stmt"/>
      <line num="130" count="7853" type="stmt"/>
      <line num="131" count="7853" type="stmt"/>
      <line num="137" count="1" type="stmt"/>
      <line num="138" count="1964" type="stmt"/>
      <line num="139" count="1964" type="stmt"/>
      <line num="140" count="2007057" type="stmt"/>
      <line num="141" count="2007057" type="cond" truecount="2" falsecount="0"/>
      <line num="143" count="7853" type="stmt"/>
      <line num="144" count="7853" type="stmt"/>
      <line num="146" count="7853" type="stmt"/>
      <line num="148" count="2007057" type="stmt"/>
      <line num="153" count="1" type="stmt"/>
      <line num="155" count="1964" type="stmt"/>
      <line num="158" count="1964" type="stmt"/>
      <line num="161" count="1964" type="stmt"/>
      <line num="164" count="1964" type="stmt"/>
      <line num="167" count="1964" type="stmt"/>
      <line num="175" count="1" type="stmt"/>
      <line num="176" count="2000017" type="cond" truecount="2" falsecount="0"/>
      <line num="177" count="1960" type="stmt"/>
      <line num="180" count="1960" type="cond" truecount="1" falsecount="1"/>
      <line num="181" count="0" type="stmt"/>
      <line num="184" count="2000017" type="stmt"/>
      <line num="188" count="2000017" type="stmt"/>
      <line num="189" count="2000017" type="stmt"/>
      <line num="190" count="2000017" type="stmt"/>
      <line num="191" count="2000017" type="stmt"/>
      <line num="195" count="1" type="stmt"/>
      <line num="196" count="2000012" type="stmt"/>
      <line num="200" count="1" type="stmt"/>
      <line num="201" count="2000017" type="cond" truecount="1" falsecount="1"/>
      <line num="202" count="0" type="stmt"/>
      <line num="204" count="2000017" type="stmt"/>
      <line num="208" count="1" type="stmt"/>
      <line num="209" count="2000012" type="stmt"/>
      <line num="210" count="2000012" type="stmt"/>
      <line num="211" count="2000012" type="stmt"/>
      <line num="212" count="2000012" type="stmt"/>
      <line num="213" count="2000012" type="stmt"/>
      <line num="218" count="1" type="stmt"/>
      <line num="221" count="5" type="stmt"/>
      <line num="222" count="5" type="stmt"/>
      <line num="223" count="5" type="stmt"/>
      <line num="224" count="5" type="stmt"/>
      <line num="225" count="5" type="stmt"/>
      <line num="226" count="5" type="stmt"/>
    </file>
  </project>
</coverage>
