<?xml version="1.0" encoding="UTF-8"?>
<coverage generated="1593157501987" clover="3.2.0">
  <project timestamp="1593157501987" name="All files">
    <metrics statements="91" coveredstatements="87" conditionals="32" coveredconditionals="21" methods="17" coveredmethods="17" elements="140" coveredelements="125" complexity="0" loc="91" ncloc="91" packages="1" files="2" classes="2"/>
    <file name="constants.ts" path="/Users/jhardy/projects/mark-compact/src/constants.ts">
      <metrics statements="3" coveredstatements="3" conditionals="0" coveredconditionals="0" methods="0" coveredmethods="0"/>
      <line num="1" count="1" type="stmt"/>
      <line num="2" count="1" type="stmt"/>
      <line num="3" count="1" type="stmt"/>
    </file>
    <file name="gc.ts" path="/Users/jhardy/projects/mark-compact/src/gc.ts">
      <metrics statements="88" coveredstatements="84" conditionals="32" coveredconditionals="21" methods="17" coveredmethods="17"/>
      <line num="10" count="1" type="stmt"/>
      <line num="13" count="1" type="stmt"/>
      <line num="14" count="4" type="stmt"/>
      <line num="21" count="1" type="stmt"/>
      <line num="22" count="4" type="stmt"/>
      <line num="25" count="1" type="stmt"/>
      <line num="26" count="4" type="stmt"/>
      <line num="29" count="1" type="stmt"/>
      <line num="30" count="113" type="stmt"/>
      <line num="33" count="1" type="stmt"/>
      <line num="34" count="30" type="stmt"/>
      <line num="35" count="30" type="stmt"/>
      <line num="39" count="1" type="stmt"/>
      <line num="40" count="15" type="stmt"/>
      <line num="41" count="15" type="cond" truecount="1" falsecount="1"/>
      <line num="45" count="15" type="cond" truecount="2" falsecount="0"/>
      <line num="49" count="13" type="stmt"/>
      <line num="52" count="13" type="cond" truecount="2" falsecount="0"/>
      <line num="53" count="5" type="stmt"/>
      <line num="54" count="5" type="cond" truecount="1" falsecount="1"/>
      <line num="55" count="5" type="stmt"/>
      <line num="57" count="5" type="cond" truecount="1" falsecount="1"/>
      <line num="58" count="5" type="stmt"/>
      <line num="65" count="1" type="stmt"/>
      <line num="66" count="5" type="stmt"/>
      <line num="67" count="5" type="cond" truecount="1" falsecount="1"/>
      <line num="76" count="1" type="stmt"/>
      <line num="78" count="4" type="stmt"/>
      <line num="79" count="4" type="stmt"/>
      <line num="80" count="17" type="stmt"/>
      <line num="81" count="17" type="cond" truecount="2" falsecount="0"/>
      <line num="82" count="13" type="stmt"/>
      <line num="86" count="13" type="stmt"/>
      <line num="89" count="4" type="stmt"/>
      <line num="101" count="1" type="stmt"/>
      <line num="103" count="4" type="stmt"/>
      <line num="106" count="5" type="cond" truecount="1" falsecount="1"/>
      <line num="107" count="5" type="stmt"/>
      <line num="108" count="5" type="stmt"/>
      <line num="113" count="4" type="stmt"/>
      <line num="114" count="17" type="stmt"/>
      <line num="115" count="17" type="cond" truecount="4" falsecount="0"/>
      <line num="116" count="5" type="cond" truecount="1" falsecount="1"/>
      <line num="117" count="5" type="stmt"/>
      <line num="119" count="5" type="cond" truecount="1" falsecount="1"/>
      <line num="120" count="5" type="stmt"/>
      <line num="129" count="1" type="stmt"/>
      <line num="130" count="4" type="stmt"/>
      <line num="131" count="17" type="stmt"/>
      <line num="132" count="17" type="cond" truecount="2" falsecount="0"/>
      <line num="134" count="13" type="stmt"/>
      <line num="135" count="13" type="stmt"/>
      <line num="137" count="13" type="stmt"/>
      <line num="143" count="1" type="stmt"/>
      <line num="144" count="12" type="stmt"/>
      <line num="148" count="1" type="stmt"/>
      <line num="149" count="17" type="cond" truecount="1" falsecount="1"/>
      <line num="150" count="0" type="stmt"/>
      <line num="152" count="17" type="stmt"/>
      <line num="156" count="1" type="stmt"/>
      <line num="158" count="4" type="stmt"/>
      <line num="161" count="4" type="stmt"/>
      <line num="164" count="4" type="stmt"/>
      <line num="167" count="4" type="stmt"/>
      <line num="170" count="4" type="stmt"/>
      <line num="178" count="1" type="stmt"/>
      <line num="179" count="17" type="cond" truecount="1" falsecount="1"/>
      <line num="180" count="0" type="stmt"/>
      <line num="183" count="0" type="cond" truecount="0" falsecount="2"/>
      <line num="184" count="0" type="stmt"/>
      <line num="187" count="17" type="stmt"/>
      <line num="188" count="17" type="stmt"/>
      <line num="192" count="17" type="stmt"/>
      <line num="193" count="17" type="stmt"/>
      <line num="194" count="17" type="stmt"/>
      <line num="198" count="1" type="stmt"/>
      <line num="199" count="12" type="stmt"/>
      <line num="200" count="12" type="stmt"/>
      <line num="201" count="12" type="stmt"/>
      <line num="202" count="12" type="stmt"/>
      <line num="203" count="12" type="stmt"/>
      <line num="208" count="1" type="stmt"/>
      <line num="211" count="5" type="stmt"/>
      <line num="212" count="5" type="stmt"/>
      <line num="213" count="5" type="stmt"/>
      <line num="214" count="5" type="stmt"/>
      <line num="215" count="5" type="stmt"/>
      <line num="216" count="5" type="stmt"/>
    </file>
  </project>
</coverage>
