{"/Users/jhardy/projects/mark-compact/src/constants.ts": {"path":"/Users/jhardy/projects/mark-compact/src/constants.ts","statementMap":{"0":{"start":{"line":1,"column":13},"end":{"line":1,"column":29}},"1":{"start":{"line":2,"column":13},"end":{"line":2,"column":34}},"2":{"start":{"line":3,"column":13},"end":{"line":3,"column":26}}},"fnMap":{},"branchMap":{},"s":{"0":1,"1":1,"2":1},"f":{},"b":{}}
,"/Users/jhardy/projects/mark-compact/src/gc.ts": {"path":"/Users/jhardy/projects/mark-compact/src/gc.ts","statementMap":{"0":{"start":{"line":10,"column":0},"end":{"line":10,"column":61}},"1":{"start":{"line":13,"column":13},"end":{"line":21,"column":2}},"2":{"start":{"line":14,"column":2},"end":{"line":20,"column":4}},"3":{"start":{"line":23,"column":13},"end":{"line":25,"column":2}},"4":{"start":{"line":24,"column":2},"end":{"line":24,"column":15}},"5":{"start":{"line":27,"column":13},"end":{"line":29,"column":2}},"6":{"start":{"line":28,"column":2},"end":{"line":28,"column":45}},"7":{"start":{"line":31,"column":13},"end":{"line":33,"column":2}},"8":{"start":{"line":32,"column":2},"end":{"line":32,"column":22}},"9":{"start":{"line":36,"column":13},"end":{"line":58,"column":1}},"10":{"start":{"line":37,"column":17},"end":{"line":37,"column":32}},"11":{"start":{"line":38,"column":2},"end":{"line":38,"column":30}},"12":{"start":{"line":38,"column":23},"end":{"line":38,"column":30}},"13":{"start":{"line":42,"column":2},"end":{"line":42,"column":37}},"14":{"start":{"line":42,"column":30},"end":{"line":42,"column":37}},"15":{"start":{"line":46,"column":2},"end":{"line":46,"column":22}},"16":{"start":{"line":49,"column":2},"end":{"line":57,"column":null}},"17":{"start":{"line":50,"column":17},"end":{"line":50,"column":34}},"18":{"start":{"line":51,"column":4},"end":{"line":53,"column":null}},"19":{"start":{"line":52,"column":6},"end":{"line":52,"column":26}},"20":{"start":{"line":54,"column":4},"end":{"line":56,"column":null}},"21":{"start":{"line":55,"column":6},"end":{"line":55,"column":26}},"22":{"start":{"line":62,"column":16},"end":{"line":67,"column":1}},"23":{"start":{"line":63,"column":2},"end":{"line":66,"column":null}},"24":{"start":{"line":63,"column":15},"end":{"line":63,"column":16}},"25":{"start":{"line":64,"column":16},"end":{"line":64,"column":27}},"26":{"start":{"line":65,"column":4},"end":{"line":65,"column":36}},"27":{"start":{"line":65,"column":22},"end":{"line":65,"column":36}},"28":{"start":{"line":74,"column":30},"end":{"line":90,"column":1}},"29":{"start":{"line":76,"column":13},"end":{"line":76,"column":25}},"30":{"start":{"line":77,"column":11},"end":{"line":77,"column":15}},"31":{"start":{"line":78,"column":2},"end":{"line":88,"column":null}},"32":{"start":{"line":79,"column":19},"end":{"line":79,"column":35}},"33":{"start":{"line":80,"column":4},"end":{"line":86,"column":null}},"34":{"start":{"line":81,"column":6},"end":{"line":81,"column":25}},"35":{"start":{"line":85,"column":6},"end":{"line":85,"column":21}},"36":{"start":{"line":87,"column":4},"end":{"line":87,"column":21}},"37":{"start":{"line":89,"column":2},"end":{"line":89,"column":12}},"38":{"start":{"line":101,"column":32},"end":{"line":127,"column":1}},"39":{"start":{"line":103,"column":2},"end":{"line":111,"column":null}},"40":{"start":{"line":103,"column":15},"end":{"line":103,"column":16}},"41":{"start":{"line":106,"column":16},"end":{"line":106,"column":27}},"42":{"start":{"line":107,"column":4},"end":{"line":110,"column":null}},"43":{"start":{"line":108,"column":21},"end":{"line":108,"column":36}},"44":{"start":{"line":109,"column":6},"end":{"line":109,"column":34}},"45":{"start":{"line":114,"column":13},"end":{"line":114,"column":25}},"46":{"start":{"line":115,"column":2},"end":{"line":126,"column":null}},"47":{"start":{"line":116,"column":19},"end":{"line":116,"column":46}},"48":{"start":{"line":117,"column":4},"end":{"line":124,"column":null}},"49":{"start":{"line":118,"column":6},"end":{"line":120,"column":null}},"50":{"start":{"line":119,"column":8},"end":{"line":119,"column":53}},"51":{"start":{"line":121,"column":6},"end":{"line":123,"column":null}},"52":{"start":{"line":122,"column":8},"end":{"line":122,"column":53}},"53":{"start":{"line":125,"column":4},"end":{"line":125,"column":21}},"54":{"start":{"line":129,"column":16},"end":{"line":132,"column":1}},"55":{"start":{"line":130,"column":2},"end":{"line":130,"column":7}},"56":{"start":{"line":131,"column":2},"end":{"line":131,"column":30}},"57":{"start":{"line":137,"column":16},"end":{"line":150,"column":1}},"58":{"start":{"line":138,"column":13},"end":{"line":138,"column":25}},"59":{"start":{"line":139,"column":2},"end":{"line":149,"column":null}},"60":{"start":{"line":140,"column":19},"end":{"line":140,"column":35}},"61":{"start":{"line":141,"column":4},"end":{"line":147,"column":null}},"62":{"start":{"line":143,"column":17},"end":{"line":143,"column":30}},"63":{"start":{"line":144,"column":6},"end":{"line":144,"column":40}},"64":{"start":{"line":146,"column":6},"end":{"line":146,"column":35}},"65":{"start":{"line":148,"column":4},"end":{"line":148,"column":21}},"66":{"start":{"line":153,"column":13},"end":{"line":168,"column":2}},"67":{"start":{"line":155,"column":2},"end":{"line":155,"column":14}},"68":{"start":{"line":158,"column":18},"end":{"line":158,"column":43}},"69":{"start":{"line":161,"column":2},"end":{"line":161,"column":30}},"70":{"start":{"line":164,"column":2},"end":{"line":164,"column":14}},"71":{"start":{"line":167,"column":2},"end":{"line":167,"column":20}},"72":{"start":{"line":175,"column":13},"end":{"line":192,"column":2}},"73":{"start":{"line":176,"column":2},"end":{"line":183,"column":null}},"74":{"start":{"line":177,"column":4},"end":{"line":177,"column":11}},"75":{"start":{"line":180,"column":4},"end":{"line":182,"column":null}},"76":{"start":{"line":181,"column":6},"end":{"line":181,"column":39}},"77":{"start":{"line":184,"column":17},"end":{"line":187,"column":4}},"78":{"start":{"line":188,"column":14},"end":{"line":188,"column":21}},"79":{"start":{"line":189,"column":2},"end":{"line":189,"column":24}},"80":{"start":{"line":190,"column":2},"end":{"line":190,"column":22}},"81":{"start":{"line":191,"column":2},"end":{"line":191,"column":13}},"82":{"start":{"line":195,"column":13},"end":{"line":197,"column":2}},"83":{"start":{"line":196,"column":2},"end":{"line":196,"column":34}},"84":{"start":{"line":200,"column":13},"end":{"line":205,"column":1}},"85":{"start":{"line":201,"column":2},"end":{"line":203,"column":null}},"86":{"start":{"line":202,"column":4},"end":{"line":202,"column":41}},"87":{"start":{"line":204,"column":2},"end":{"line":204,"column":35}},"88":{"start":{"line":208,"column":13},"end":{"line":214,"column":2}},"89":{"start":{"line":209,"column":14},"end":{"line":209,"column":38}},"90":{"start":{"line":210,"column":17},"end":{"line":210,"column":32}},"91":{"start":{"line":211,"column":3},"end":{"line":211,"column":41}},"92":{"start":{"line":212,"column":2},"end":{"line":212,"column":16}},"93":{"start":{"line":213,"column":2},"end":{"line":213,"column":13}},"94":{"start":{"line":218,"column":13},"end":{"line":227,"column":2}},"95":{"start":{"line":221,"column":14},"end":{"line":221,"column":39}},"96":{"start":{"line":222,"column":17},"end":{"line":222,"column":43}},"97":{"start":{"line":223,"column":2},"end":{"line":223,"column":24}},"98":{"start":{"line":224,"column":2},"end":{"line":224,"column":24}},"99":{"start":{"line":225,"column":2},"end":{"line":225,"column":16}},"100":{"start":{"line":226,"column":2},"end":{"line":226,"column":13}}},"fnMap":{"0":{"name":"(anonymous_2)","decl":{"start":{"line":13,"column":21},"end":{"line":13,"column":null}},"loc":{"start":{"line":13,"column":21},"end":{"line":21,"column":1}}},"1":{"name":"(anonymous_3)","decl":{"start":{"line":23,"column":22},"end":{"line":23,"column":23}},"loc":{"start":{"line":23,"column":29},"end":{"line":25,"column":1}}},"2":{"name":"(anonymous_4)","decl":{"start":{"line":27,"column":30},"end":{"line":27,"column":31}},"loc":{"start":{"line":27,"column":37},"end":{"line":29,"column":1}}},"3":{"name":"(anonymous_5)","decl":{"start":{"line":31,"column":22},"end":{"line":31,"column":23}},"loc":{"start":{"line":31,"column":39},"end":{"line":33,"column":1}}},"4":{"name":"(anonymous_6)","decl":{"start":{"line":36,"column":13},"end":{"line":36,"column":14}},"loc":{"start":{"line":36,"column":30},"end":{"line":58,"column":1}}},"5":{"name":"(anonymous_7)","decl":{"start":{"line":62,"column":16},"end":{"line":62,"column":17}},"loc":{"start":{"line":62,"column":23},"end":{"line":67,"column":1}}},"6":{"name":"(anonymous_8)","decl":{"start":{"line":74,"column":30},"end":{"line":74,"column":31}},"loc":{"start":{"line":74,"column":37},"end":{"line":90,"column":1}}},"7":{"name":"(anonymous_9)","decl":{"start":{"line":101,"column":32},"end":{"line":101,"column":33}},"loc":{"start":{"line":101,"column":39},"end":{"line":127,"column":1}}},"8":{"name":"(anonymous_10)","decl":{"start":{"line":129,"column":16},"end":{"line":129,"column":17}},"loc":{"start":{"line":129,"column":59},"end":{"line":132,"column":1}}},"9":{"name":"(anonymous_11)","decl":{"start":{"line":137,"column":16},"end":{"line":137,"column":17}},"loc":{"start":{"line":137,"column":23},"end":{"line":150,"column":1}}},"10":{"name":"(anonymous_12)","decl":{"start":{"line":153,"column":18},"end":{"line":153,"column":19}},"loc":{"start":{"line":153,"column":25},"end":{"line":168,"column":1}}},"11":{"name":"(anonymous_13)","decl":{"start":{"line":175,"column":25},"end":{"line":175,"column":26}},"loc":{"start":{"line":175,"column":47},"end":{"line":192,"column":1}}},"12":{"name":"(anonymous_14)","decl":{"start":{"line":195,"column":19},"end":{"line":195,"column":20}},"loc":{"start":{"line":195,"column":26},"end":{"line":197,"column":1}}},"13":{"name":"(anonymous_15)","decl":{"start":{"line":200,"column":13},"end":{"line":200,"column":14}},"loc":{"start":{"line":200,"column":40},"end":{"line":205,"column":1}}},"14":{"name":"(anonymous_16)","decl":{"start":{"line":208,"column":23},"end":{"line":208,"column":24}},"loc":{"start":{"line":208,"column":48},"end":{"line":214,"column":1}}},"15":{"name":"(anonymous_17)","decl":{"start":{"line":218,"column":24},"end":{"line":218,"column":25}},"loc":{"start":{"line":218,"column":31},"end":{"line":227,"column":1}}}},"branchMap":{"0":{"loc":{"start":{"line":38,"column":2},"end":{"line":38,"column":30}},"type":"if","locations":[{"start":{"line":38,"column":2},"end":{"line":38,"column":30}},{"start":{"line":38,"column":2},"end":{"line":38,"column":30}}]},"1":{"loc":{"start":{"line":42,"column":2},"end":{"line":42,"column":37}},"type":"if","locations":[{"start":{"line":42,"column":2},"end":{"line":42,"column":37}},{"start":{"line":42,"column":2},"end":{"line":42,"column":37}}]},"2":{"loc":{"start":{"line":49,"column":2},"end":{"line":57,"column":null}},"type":"if","locations":[{"start":{"line":49,"column":2},"end":{"line":57,"column":null}},{"start":{"line":49,"column":2},"end":{"line":57,"column":null}}]},"3":{"loc":{"start":{"line":51,"column":4},"end":{"line":53,"column":null}},"type":"if","locations":[{"start":{"line":51,"column":4},"end":{"line":53,"column":null}},{"start":{"line":51,"column":4},"end":{"line":53,"column":null}}]},"4":{"loc":{"start":{"line":54,"column":4},"end":{"line":56,"column":null}},"type":"if","locations":[{"start":{"line":54,"column":4},"end":{"line":56,"column":null}},{"start":{"line":54,"column":4},"end":{"line":56,"column":null}}]},"5":{"loc":{"start":{"line":65,"column":4},"end":{"line":65,"column":36}},"type":"if","locations":[{"start":{"line":65,"column":4},"end":{"line":65,"column":36}},{"start":{"line":65,"column":4},"end":{"line":65,"column":36}}]},"6":{"loc":{"start":{"line":80,"column":4},"end":{"line":86,"column":null}},"type":"if","locations":[{"start":{"line":80,"column":4},"end":{"line":86,"column":null}},{"start":{"line":80,"column":4},"end":{"line":86,"column":null}}]},"7":{"loc":{"start":{"line":107,"column":4},"end":{"line":110,"column":null}},"type":"if","locations":[{"start":{"line":107,"column":4},"end":{"line":110,"column":null}},{"start":{"line":107,"column":4},"end":{"line":110,"column":null}}]},"8":{"loc":{"start":{"line":117,"column":4},"end":{"line":124,"column":null}},"type":"if","locations":[{"start":{"line":117,"column":4},"end":{"line":124,"column":null}},{"start":{"line":117,"column":4},"end":{"line":124,"column":null}}]},"9":{"loc":{"start":{"line":117,"column":8},"end":{"line":117,"column":30}},"type":"binary-expr","locations":[{"start":{"line":117,"column":8},"end":{"line":117,"column":30}},{"start":{"line":117,"column":34},"end":{"line":117,"column":60}}]},"10":{"loc":{"start":{"line":118,"column":6},"end":{"line":120,"column":null}},"type":"if","locations":[{"start":{"line":118,"column":6},"end":{"line":120,"column":null}},{"start":{"line":118,"column":6},"end":{"line":120,"column":null}}]},"11":{"loc":{"start":{"line":121,"column":6},"end":{"line":123,"column":null}},"type":"if","locations":[{"start":{"line":121,"column":6},"end":{"line":123,"column":null}},{"start":{"line":121,"column":6},"end":{"line":123,"column":null}}]},"12":{"loc":{"start":{"line":141,"column":4},"end":{"line":147,"column":null}},"type":"if","locations":[{"start":{"line":141,"column":4},"end":{"line":147,"column":null}},{"start":{"line":141,"column":4},"end":{"line":147,"column":null}}]},"13":{"loc":{"start":{"line":176,"column":2},"end":{"line":183,"column":null}},"type":"if","locations":[{"start":{"line":176,"column":2},"end":{"line":183,"column":null}},{"start":{"line":176,"column":2},"end":{"line":183,"column":null}}]},"14":{"loc":{"start":{"line":180,"column":4},"end":{"line":182,"column":null}},"type":"if","locations":[{"start":{"line":180,"column":4},"end":{"line":182,"column":null}},{"start":{"line":180,"column":4},"end":{"line":182,"column":null}}]},"15":{"loc":{"start":{"line":201,"column":2},"end":{"line":203,"column":null}},"type":"if","locations":[{"start":{"line":201,"column":2},"end":{"line":203,"column":null}},{"start":{"line":201,"column":2},"end":{"line":203,"column":null}}]}},"s":{"0":1,"1":1,"2":5,"3":1,"4":5,"5":1,"6":4,"7":1,"8":8044753,"9":1,"10":7855,"11":7855,"12":0,"13":7855,"14":2,"15":7853,"16":7853,"17":5,"18":5,"19":5,"20":5,"21":5,"22":1,"23":1964,"24":1964,"25":7845,"26":7845,"27":7845,"28":1,"29":1964,"30":1964,"31":1964,"32":2007057,"33":2007057,"34":7853,"35":7853,"36":2007057,"37":1964,"38":1,"39":1964,"40":1964,"41":7845,"42":7845,"43":7845,"44":7845,"45":1964,"46":1964,"47":2007057,"48":2007057,"49":5,"50":5,"51":5,"52":5,"53":2007057,"54":1,"55":7853,"56":7853,"57":1,"58":1964,"59":1964,"60":2007057,"61":2007057,"62":7853,"63":7853,"64":7853,"65":2007057,"66":1,"67":1964,"68":1964,"69":1964,"70":1964,"71":1964,"72":1,"73":2000017,"74":1960,"75":1960,"76":0,"77":2000017,"78":2000017,"79":2000017,"80":2000017,"81":2000017,"82":1,"83":2000012,"84":1,"85":2000017,"86":0,"87":2000017,"88":1,"89":2000012,"90":2000012,"91":2000012,"92":2000012,"93":2000012,"94":1,"95":5,"96":5,"97":5,"98":5,"99":5,"100":5},"f":{"0":5,"1":5,"2":4,"3":8044753,"4":7855,"5":1964,"6":1964,"7":1964,"8":7853,"9":1964,"10":1964,"11":2000017,"12":2000012,"13":2000017,"14":2000012,"15":5},"b":{"0":[0,7855],"1":[2,7853],"2":[5,7848],"3":[5,0],"4":[5,0],"5":[7845,0],"6":[7853,1999204],"7":[7845,0],"8":[5,2007052],"9":[2007057,7853],"10":[5,0],"11":[5,0],"12":[7853,1999204],"13":[1960,1998057],"14":[0,1960],"15":[0,2000017]}}
}
