{"/Users/jhardy/projects/mark-compact/src/constants.ts": {"path":"/Users/jhardy/projects/mark-compact/src/constants.ts","statementMap":{"0":{"start":{"line":1,"column":13},"end":{"line":1,"column":29}},"1":{"start":{"line":2,"column":13},"end":{"line":2,"column":34}},"2":{"start":{"line":3,"column":13},"end":{"line":3,"column":26}}},"fnMap":{},"branchMap":{},"s":{"0":1,"1":1,"2":1},"f":{},"b":{}}
,"/Users/jhardy/projects/mark-compact/src/gc.ts": {"path":"/Users/jhardy/projects/mark-compact/src/gc.ts","statementMap":{"0":{"start":{"line":10,"column":0},"end":{"line":10,"column":61}},"1":{"start":{"line":13,"column":13},"end":{"line":19,"column":2}},"2":{"start":{"line":14,"column":2},"end":{"line":18,"column":4}},"3":{"start":{"line":21,"column":13},"end":{"line":23,"column":2}},"4":{"start":{"line":22,"column":2},"end":{"line":22,"column":15}},"5":{"start":{"line":25,"column":13},"end":{"line":27,"column":2}},"6":{"start":{"line":26,"column":2},"end":{"line":26,"column":28}},"7":{"start":{"line":29,"column":13},"end":{"line":31,"column":2}},"8":{"start":{"line":30,"column":2},"end":{"line":30,"column":22}},"9":{"start":{"line":33,"column":13},"end":{"line":36,"column":2}},"10":{"start":{"line":34,"column":2},"end":{"line":34,"column":7}},"11":{"start":{"line":35,"column":2},"end":{"line":35,"column":31}},"12":{"start":{"line":39,"column":13},"end":{"line":61,"column":1}},"13":{"start":{"line":40,"column":17},"end":{"line":40,"column":34}},"14":{"start":{"line":41,"column":2},"end":{"line":41,"column":30}},"15":{"start":{"line":41,"column":23},"end":{"line":41,"column":30}},"16":{"start":{"line":45,"column":2},"end":{"line":45,"column":37}},"17":{"start":{"line":45,"column":30},"end":{"line":45,"column":37}},"18":{"start":{"line":49,"column":2},"end":{"line":49,"column":22}},"19":{"start":{"line":52,"column":2},"end":{"line":60,"column":null}},"20":{"start":{"line":53,"column":17},"end":{"line":53,"column":34}},"21":{"start":{"line":54,"column":4},"end":{"line":56,"column":null}},"22":{"start":{"line":55,"column":6},"end":{"line":55,"column":26}},"23":{"start":{"line":57,"column":4},"end":{"line":59,"column":null}},"24":{"start":{"line":58,"column":6},"end":{"line":58,"column":26}},"25":{"start":{"line":65,"column":16},"end":{"line":69,"column":1}},"26":{"start":{"line":66,"column":2},"end":{"line":68,"column":null}},"27":{"start":{"line":66,"column":20},"end":{"line":66,"column":22}},"28":{"start":{"line":66,"column":20},"end":{"line":66,"column":28}},"29":{"start":{"line":66,"column":16},"end":{"line":66,"column":20}},"30":{"start":{"line":67,"column":4},"end":{"line":67,"column":36}},"31":{"start":{"line":67,"column":22},"end":{"line":67,"column":36}},"32":{"start":{"line":76,"column":30},"end":{"line":90,"column":1}},"33":{"start":{"line":78,"column":11},"end":{"line":78,"column":12}},"34":{"start":{"line":79,"column":2},"end":{"line":88,"column":null}},"35":{"start":{"line":79,"column":18},"end":{"line":79,"column":19}},"36":{"start":{"line":80,"column":19},"end":{"line":80,"column":37}},"37":{"start":{"line":81,"column":4},"end":{"line":87,"column":null}},"38":{"start":{"line":82,"column":6},"end":{"line":82,"column":25}},"39":{"start":{"line":86,"column":6},"end":{"line":86,"column":21}},"40":{"start":{"line":89,"column":2},"end":{"line":89,"column":12}},"41":{"start":{"line":101,"column":32},"end":{"line":124,"column":1}},"42":{"start":{"line":103,"column":2},"end":{"line":110,"column":5}},"43":{"start":{"line":106,"column":4},"end":{"line":109,"column":null}},"44":{"start":{"line":107,"column":21},"end":{"line":107,"column":38}},"45":{"start":{"line":108,"column":6},"end":{"line":108,"column":34}},"46":{"start":{"line":113,"column":2},"end":{"line":123,"column":null}},"47":{"start":{"line":113,"column":18},"end":{"line":113,"column":19}},"48":{"start":{"line":114,"column":19},"end":{"line":114,"column":48}},"49":{"start":{"line":115,"column":4},"end":{"line":122,"column":null}},"50":{"start":{"line":116,"column":6},"end":{"line":118,"column":null}},"51":{"start":{"line":117,"column":8},"end":{"line":117,"column":55}},"52":{"start":{"line":119,"column":6},"end":{"line":121,"column":null}},"53":{"start":{"line":120,"column":8},"end":{"line":120,"column":55}},"54":{"start":{"line":129,"column":16},"end":{"line":140,"column":1}},"55":{"start":{"line":130,"column":2},"end":{"line":139,"column":null}},"56":{"start":{"line":130,"column":18},"end":{"line":130,"column":19}},"57":{"start":{"line":131,"column":19},"end":{"line":131,"column":37}},"58":{"start":{"line":132,"column":4},"end":{"line":138,"column":null}},"59":{"start":{"line":134,"column":17},"end":{"line":134,"column":30}},"60":{"start":{"line":135,"column":6},"end":{"line":135,"column":42}},"61":{"start":{"line":137,"column":6},"end":{"line":137,"column":37}},"62":{"start":{"line":143,"column":13},"end":{"line":145,"column":2}},"63":{"start":{"line":144,"column":2},"end":{"line":144,"column":39}},"64":{"start":{"line":148,"column":13},"end":{"line":153,"column":1}},"65":{"start":{"line":149,"column":2},"end":{"line":151,"column":null}},"66":{"start":{"line":150,"column":4},"end":{"line":150,"column":41}},"67":{"start":{"line":152,"column":2},"end":{"line":152,"column":23}},"68":{"start":{"line":156,"column":13},"end":{"line":171,"column":2}},"69":{"start":{"line":158,"column":2},"end":{"line":158,"column":14}},"70":{"start":{"line":161,"column":18},"end":{"line":161,"column":43}},"71":{"start":{"line":164,"column":2},"end":{"line":164,"column":30}},"72":{"start":{"line":167,"column":2},"end":{"line":167,"column":14}},"73":{"start":{"line":170,"column":2},"end":{"line":170,"column":20}},"74":{"start":{"line":178,"column":13},"end":{"line":195,"column":2}},"75":{"start":{"line":179,"column":2},"end":{"line":186,"column":null}},"76":{"start":{"line":180,"column":4},"end":{"line":180,"column":11}},"77":{"start":{"line":183,"column":4},"end":{"line":185,"column":null}},"78":{"start":{"line":184,"column":6},"end":{"line":184,"column":39}},"79":{"start":{"line":187,"column":14},"end":{"line":187,"column":21}},"80":{"start":{"line":188,"column":17},"end":{"line":191,"column":4}},"81":{"start":{"line":192,"column":2},"end":{"line":192,"column":32}},"82":{"start":{"line":193,"column":2},"end":{"line":193,"column":22}},"83":{"start":{"line":194,"column":2},"end":{"line":194,"column":13}},"84":{"start":{"line":198,"column":13},"end":{"line":204,"column":2}},"85":{"start":{"line":199,"column":14},"end":{"line":199,"column":38}},"86":{"start":{"line":200,"column":17},"end":{"line":200,"column":34}},"87":{"start":{"line":201,"column":3},"end":{"line":201,"column":41}},"88":{"start":{"line":202,"column":2},"end":{"line":202,"column":16}},"89":{"start":{"line":203,"column":2},"end":{"line":203,"column":13}},"90":{"start":{"line":208,"column":13},"end":{"line":217,"column":2}},"91":{"start":{"line":211,"column":14},"end":{"line":211,"column":39}},"92":{"start":{"line":212,"column":17},"end":{"line":212,"column":45}},"93":{"start":{"line":213,"column":2},"end":{"line":213,"column":24}},"94":{"start":{"line":214,"column":2},"end":{"line":214,"column":24}},"95":{"start":{"line":215,"column":2},"end":{"line":215,"column":16}},"96":{"start":{"line":216,"column":2},"end":{"line":216,"column":13}}},"fnMap":{"0":{"name":"(anonymous_2)","decl":{"start":{"line":13,"column":21},"end":{"line":13,"column":null}},"loc":{"start":{"line":13,"column":21},"end":{"line":19,"column":1}}},"1":{"name":"(anonymous_3)","decl":{"start":{"line":21,"column":22},"end":{"line":21,"column":23}},"loc":{"start":{"line":21,"column":29},"end":{"line":23,"column":1}}},"2":{"name":"(anonymous_4)","decl":{"start":{"line":25,"column":30},"end":{"line":25,"column":31}},"loc":{"start":{"line":25,"column":37},"end":{"line":27,"column":1}}},"3":{"name":"(anonymous_5)","decl":{"start":{"line":29,"column":24},"end":{"line":29,"column":25}},"loc":{"start":{"line":29,"column":41},"end":{"line":31,"column":1}}},"4":{"name":"(anonymous_6)","decl":{"start":{"line":33,"column":25},"end":{"line":33,"column":26}},"loc":{"start":{"line":33,"column":69},"end":{"line":36,"column":1}}},"5":{"name":"(anonymous_7)","decl":{"start":{"line":39,"column":13},"end":{"line":39,"column":14}},"loc":{"start":{"line":39,"column":30},"end":{"line":61,"column":1}}},"6":{"name":"(anonymous_8)","decl":{"start":{"line":65,"column":16},"end":{"line":65,"column":17}},"loc":{"start":{"line":65,"column":23},"end":{"line":69,"column":1}}},"7":{"name":"(anonymous_9)","decl":{"start":{"line":76,"column":30},"end":{"line":76,"column":31}},"loc":{"start":{"line":76,"column":37},"end":{"line":90,"column":1}}},"8":{"name":"(anonymous_10)","decl":{"start":{"line":101,"column":32},"end":{"line":101,"column":33}},"loc":{"start":{"line":101,"column":39},"end":{"line":124,"column":1}}},"9":{"name":"(anonymous_11)","decl":{"start":{"line":103,"column":19},"end":{"line":103,"column":20}},"loc":{"start":{"line":103,"column":26},"end":{"line":110,"column":3}}},"10":{"name":"(anonymous_12)","decl":{"start":{"line":129,"column":16},"end":{"line":129,"column":17}},"loc":{"start":{"line":129,"column":23},"end":{"line":140,"column":1}}},"11":{"name":"(anonymous_13)","decl":{"start":{"line":143,"column":19},"end":{"line":143,"column":20}},"loc":{"start":{"line":143,"column":26},"end":{"line":145,"column":1}}},"12":{"name":"(anonymous_14)","decl":{"start":{"line":148,"column":13},"end":{"line":148,"column":14}},"loc":{"start":{"line":148,"column":40},"end":{"line":153,"column":1}}},"13":{"name":"(anonymous_15)","decl":{"start":{"line":156,"column":18},"end":{"line":156,"column":19}},"loc":{"start":{"line":156,"column":25},"end":{"line":171,"column":1}}},"14":{"name":"(anonymous_16)","decl":{"start":{"line":178,"column":25},"end":{"line":178,"column":26}},"loc":{"start":{"line":178,"column":47},"end":{"line":195,"column":1}}},"15":{"name":"(anonymous_17)","decl":{"start":{"line":198,"column":23},"end":{"line":198,"column":24}},"loc":{"start":{"line":198,"column":48},"end":{"line":204,"column":1}}},"16":{"name":"(anonymous_18)","decl":{"start":{"line":208,"column":24},"end":{"line":208,"column":25}},"loc":{"start":{"line":208,"column":31},"end":{"line":217,"column":1}}}},"branchMap":{"0":{"loc":{"start":{"line":41,"column":2},"end":{"line":41,"column":30}},"type":"if","locations":[{"start":{"line":41,"column":2},"end":{"line":41,"column":30}},{"start":{"line":41,"column":2},"end":{"line":41,"column":30}}]},"1":{"loc":{"start":{"line":45,"column":2},"end":{"line":45,"column":37}},"type":"if","locations":[{"start":{"line":45,"column":2},"end":{"line":45,"column":37}},{"start":{"line":45,"column":2},"end":{"line":45,"column":37}}]},"2":{"loc":{"start":{"line":52,"column":2},"end":{"line":60,"column":null}},"type":"if","locations":[{"start":{"line":52,"column":2},"end":{"line":60,"column":null}},{"start":{"line":52,"column":2},"end":{"line":60,"column":null}}]},"3":{"loc":{"start":{"line":54,"column":4},"end":{"line":56,"column":null}},"type":"if","locations":[{"start":{"line":54,"column":4},"end":{"line":56,"column":null}},{"start":{"line":54,"column":4},"end":{"line":56,"column":null}}]},"4":{"loc":{"start":{"line":57,"column":4},"end":{"line":59,"column":null}},"type":"if","locations":[{"start":{"line":57,"column":4},"end":{"line":59,"column":null}},{"start":{"line":57,"column":4},"end":{"line":59,"column":null}}]},"5":{"loc":{"start":{"line":67,"column":4},"end":{"line":67,"column":36}},"type":"if","locations":[{"start":{"line":67,"column":4},"end":{"line":67,"column":36}},{"start":{"line":67,"column":4},"end":{"line":67,"column":36}}]},"6":{"loc":{"start":{"line":81,"column":4},"end":{"line":87,"column":null}},"type":"if","locations":[{"start":{"line":81,"column":4},"end":{"line":87,"column":null}},{"start":{"line":81,"column":4},"end":{"line":87,"column":null}}]},"7":{"loc":{"start":{"line":106,"column":4},"end":{"line":109,"column":null}},"type":"if","locations":[{"start":{"line":106,"column":4},"end":{"line":109,"column":null}},{"start":{"line":106,"column":4},"end":{"line":109,"column":null}}]},"8":{"loc":{"start":{"line":115,"column":4},"end":{"line":122,"column":null}},"type":"if","locations":[{"start":{"line":115,"column":4},"end":{"line":122,"column":null}},{"start":{"line":115,"column":4},"end":{"line":122,"column":null}}]},"9":{"loc":{"start":{"line":115,"column":8},"end":{"line":115,"column":30}},"type":"binary-expr","locations":[{"start":{"line":115,"column":8},"end":{"line":115,"column":30}},{"start":{"line":115,"column":34},"end":{"line":115,"column":60}}]},"10":{"loc":{"start":{"line":116,"column":6},"end":{"line":118,"column":null}},"type":"if","locations":[{"start":{"line":116,"column":6},"end":{"line":118,"column":null}},{"start":{"line":116,"column":6},"end":{"line":118,"column":null}}]},"11":{"loc":{"start":{"line":119,"column":6},"end":{"line":121,"column":null}},"type":"if","locations":[{"start":{"line":119,"column":6},"end":{"line":121,"column":null}},{"start":{"line":119,"column":6},"end":{"line":121,"column":null}}]},"12":{"loc":{"start":{"line":132,"column":4},"end":{"line":138,"column":null}},"type":"if","locations":[{"start":{"line":132,"column":4},"end":{"line":138,"column":null}},{"start":{"line":132,"column":4},"end":{"line":138,"column":null}}]},"13":{"loc":{"start":{"line":149,"column":2},"end":{"line":151,"column":null}},"type":"if","locations":[{"start":{"line":149,"column":2},"end":{"line":151,"column":null}},{"start":{"line":149,"column":2},"end":{"line":151,"column":null}}]},"14":{"loc":{"start":{"line":179,"column":2},"end":{"line":186,"column":null}},"type":"if","locations":[{"start":{"line":179,"column":2},"end":{"line":186,"column":null}},{"start":{"line":179,"column":2},"end":{"line":186,"column":null}}]},"15":{"loc":{"start":{"line":183,"column":4},"end":{"line":185,"column":null}},"type":"if","locations":[{"start":{"line":183,"column":4},"end":{"line":185,"column":null}},{"start":{"line":183,"column":4},"end":{"line":185,"column":null}}]}},"s":{"0":1,"1":1,"2":4,"3":1,"4":4,"5":1,"6":4,"7":1,"8":113,"9":1,"10":30,"11":30,"12":1,"13":15,"14":15,"15":0,"16":15,"17":2,"18":13,"19":13,"20":5,"21":5,"22":5,"23":5,"24":5,"25":1,"26":4,"27":4,"28":4,"29":5,"30":5,"31":5,"32":1,"33":4,"34":4,"35":4,"36":17,"37":17,"38":13,"39":13,"40":4,"41":1,"42":4,"43":5,"44":5,"45":5,"46":4,"47":4,"48":17,"49":17,"50":5,"51":5,"52":5,"53":5,"54":1,"55":4,"56":4,"57":17,"58":17,"59":13,"60":13,"61":13,"62":1,"63":12,"64":1,"65":17,"66":0,"67":17,"68":1,"69":4,"70":4,"71":4,"72":4,"73":4,"74":1,"75":17,"76":0,"77":0,"78":0,"79":17,"80":17,"81":17,"82":17,"83":17,"84":1,"85":12,"86":12,"87":12,"88":12,"89":12,"90":1,"91":5,"92":5,"93":5,"94":5,"95":5,"96":5},"f":{"0":4,"1":4,"2":4,"3":113,"4":30,"5":15,"6":4,"7":4,"8":4,"9":5,"10":4,"11":12,"12":17,"13":4,"14":17,"15":12,"16":5},"b":{"0":[0,15],"1":[2,13],"2":[5,8],"3":[5,0],"4":[5,0],"5":[5,0],"6":[13,4],"7":[5,0],"8":[5,12],"9":[17,13],"10":[5,0],"11":[5,0],"12":[13,4],"13":[0,17],"14":[0,17],"15":[0,0]}}
}
