TN:
SF:src/constants.ts
FNF:0
FNH:0
DA:1,1
DA:2,1
DA:3,1
LF:3
LH:3
BRF:0
BRH:0
end_of_record
TN:
SF:src/gc.ts
FN:13,(anonymous_2)
FN:23,(anonymous_3)
FN:27,(anonymous_4)
FN:31,(anonymous_5)
FN:36,(anonymous_6)
FN:62,(anonymous_7)
FN:74,(anonymous_8)
FN:101,(anonymous_9)
FN:129,(anonymous_10)
FN:137,(anonymous_11)
FN:153,(anonymous_12)
FN:175,(anonymous_13)
FN:195,(anonymous_14)
FN:200,(anonymous_15)
FN:208,(anonymous_16)
FN:218,(anonymous_17)
FNF:16
FNH:16
FNDA:5,(anonymous_2)
FNDA:5,(anonymous_3)
FNDA:4,(anonymous_4)
FNDA:8044753,(anonymous_5)
FNDA:7855,(anonymous_6)
FNDA:1964,(anonymous_7)
FNDA:1964,(anonymous_8)
FNDA:1964,(anonymous_9)
FNDA:7853,(anonymous_10)
FNDA:1964,(anonymous_11)
FNDA:1964,(anonymous_12)
FNDA:2000017,(anonymous_13)
FNDA:2000012,(anonymous_14)
FNDA:2000017,(anonymous_15)
FNDA:2000012,(anonymous_16)
FNDA:5,(anonymous_17)
DA:10,1
DA:13,1
DA:14,5
DA:23,1
DA:24,5
DA:27,1
DA:28,4
DA:31,1
DA:32,8044753
DA:36,1
DA:37,7855
DA:38,7855
DA:42,7855
DA:46,7853
DA:49,7853
DA:50,5
DA:51,5
DA:52,5
DA:54,5
DA:55,5
DA:62,1
DA:63,1964
DA:64,7845
DA:65,7845
DA:74,1
DA:76,1964
DA:77,1964
DA:78,1964
DA:79,2007057
DA:80,2007057
DA:81,7853
DA:85,7853
DA:87,2007057
DA:89,1964
DA:101,1
DA:103,1964
DA:106,7845
DA:107,7845
DA:108,7845
DA:109,7845
DA:114,1964
DA:115,1964
DA:116,2007057
DA:117,2007057
DA:118,5
DA:119,5
DA:121,5
DA:122,5
DA:125,2007057
DA:129,1
DA:130,7853
DA:131,7853
DA:137,1
DA:138,1964
DA:139,1964
DA:140,2007057
DA:141,2007057
DA:143,7853
DA:144,7853
DA:146,7853
DA:148,2007057
DA:153,1
DA:155,1964
DA:158,1964
DA:161,1964
DA:164,1964
DA:167,1964
DA:175,1
DA:176,2000017
DA:177,1960
DA:180,1960
DA:181,0
DA:184,2000017
DA:188,2000017
DA:189,2000017
DA:190,2000017
DA:191,2000017
DA:195,1
DA:196,2000012
DA:200,1
DA:201,2000017
DA:202,0
DA:204,2000017
DA:208,1
DA:209,2000012
DA:210,2000012
DA:211,2000012
DA:212,2000012
DA:213,2000012
DA:218,1
DA:221,5
DA:222,5
DA:223,5
DA:224,5
DA:225,5
DA:226,5
LF:96
LH:94
BRDA:38,0,0,0
BRDA:38,0,1,7855
BRDA:42,1,0,2
BRDA:42,1,1,7853
BRDA:49,2,0,5
BRDA:49,2,1,7848
BRDA:51,3,0,5
BRDA:51,3,1,0
BRDA:54,4,0,5
BRDA:54,4,1,0
BRDA:65,5,0,7845
BRDA:65,5,1,0
BRDA:80,6,0,7853
BRDA:80,6,1,1999204
BRDA:107,7,0,7845
BRDA:107,7,1,0
BRDA:117,8,0,5
BRDA:117,8,1,2007052
BRDA:117,9,0,2007057
BRDA:117,9,1,7853
BRDA:118,10,0,5
BRDA:118,10,1,0
BRDA:121,11,0,5
BRDA:121,11,1,0
BRDA:141,12,0,7853
BRDA:141,12,1,1999204
BRDA:176,13,0,1960
BRDA:176,13,1,1998057
BRDA:180,14,0,0
BRDA:180,14,1,1960
BRDA:201,15,0,0
BRDA:201,15,1,2000017
BRF:32
BRH:23
end_of_record
