TN:
SF:src/constants.ts
FNF:0
FNH:0
DA:1,1
DA:2,1
DA:3,1
LF:3
LH:3
BRF:0
BRH:0
end_of_record
TN:
SF:src/gc.ts
FN:13,(anonymous_2)
FN:21,(anonymous_3)
FN:25,(anonymous_4)
FN:29,(anonymous_5)
FN:33,(anonymous_6)
FN:39,(anonymous_7)
FN:65,(anonymous_8)
FN:76,(anonymous_9)
FN:101,(anonymous_10)
FN:103,(anonymous_11)
FN:129,(anonymous_12)
FN:143,(anonymous_13)
FN:148,(anonymous_14)
FN:156,(anonymous_15)
FN:178,(anonymous_16)
FN:198,(anonymous_17)
FN:208,(anonymous_18)
FNF:17
FNH:17
FNDA:4,(anonymous_2)
FNDA:4,(anonymous_3)
FNDA:4,(anonymous_4)
FNDA:113,(anonymous_5)
FNDA:30,(anonymous_6)
FNDA:15,(anonymous_7)
FNDA:4,(anonymous_8)
FNDA:4,(anonymous_9)
FNDA:4,(anonymous_10)
FNDA:5,(anonymous_11)
FNDA:4,(anonymous_12)
FNDA:12,(anonymous_13)
FNDA:17,(anonymous_14)
FNDA:4,(anonymous_15)
FNDA:17,(anonymous_16)
FNDA:12,(anonymous_17)
FNDA:5,(anonymous_18)
DA:10,1
DA:13,1
DA:14,4
DA:21,1
DA:22,4
DA:25,1
DA:26,4
DA:29,1
DA:30,113
DA:33,1
DA:34,30
DA:35,30
DA:39,1
DA:40,15
DA:41,15
DA:45,15
DA:49,13
DA:52,13
DA:53,5
DA:54,5
DA:55,5
DA:57,5
DA:58,5
DA:65,1
DA:66,5
DA:67,5
DA:76,1
DA:78,4
DA:79,4
DA:80,17
DA:81,17
DA:82,13
DA:86,13
DA:89,4
DA:101,1
DA:103,4
DA:106,5
DA:107,5
DA:108,5
DA:113,4
DA:114,17
DA:115,17
DA:116,5
DA:117,5
DA:119,5
DA:120,5
DA:129,1
DA:130,4
DA:131,17
DA:132,17
DA:134,13
DA:135,13
DA:137,13
DA:143,1
DA:144,12
DA:148,1
DA:149,17
DA:150,0
DA:152,17
DA:156,1
DA:158,4
DA:161,4
DA:164,4
DA:167,4
DA:170,4
DA:178,1
DA:179,17
DA:180,0
DA:183,0
DA:184,0
DA:187,17
DA:188,17
DA:192,17
DA:193,17
DA:194,17
DA:198,1
DA:199,12
DA:200,12
DA:201,12
DA:202,12
DA:203,12
DA:208,1
DA:211,5
DA:212,5
DA:213,5
DA:214,5
DA:215,5
DA:216,5
LF:88
LH:84
BRDA:41,0,0,0
BRDA:41,0,1,15
BRDA:45,1,0,2
BRDA:45,1,1,13
BRDA:52,2,0,5
BRDA:52,2,1,8
BRDA:54,3,0,5
BRDA:54,3,1,0
BRDA:57,4,0,5
BRDA:57,4,1,0
BRDA:67,5,0,5
BRDA:67,5,1,0
BRDA:81,6,0,13
BRDA:81,6,1,4
BRDA:106,7,0,5
BRDA:106,7,1,0
BRDA:115,8,0,5
BRDA:115,8,1,12
BRDA:115,9,0,17
BRDA:115,9,1,13
BRDA:116,10,0,5
BRDA:116,10,1,0
BRDA:119,11,0,5
BRDA:119,11,1,0
BRDA:132,12,0,13
BRDA:132,12,1,4
BRDA:149,13,0,0
BRDA:149,13,1,17
BRDA:179,14,0,0
BRDA:179,14,1,17
BRDA:183,15,0,0
BRDA:183,15,1,0
BRF:32
BRH:21
end_of_record
